<?xml version="1.0" encoding="UTF-8"?>
<testng-results skipped="0" failed="0" ignored="0" total="1" passed="1">
  <reporter-output>
  </reporter-output>
  <suite name="Default suite" duration-ms="1216" started-at="2019-05-07T14:20:03Z" finished-at="2019-05-07T14:20:04Z">
    <groups>
    </groups>
    <test name="Default test" duration-ms="1216" started-at="2019-05-07T14:20:03Z" finished-at="2019-05-07T14:20:04Z">
      <class name="com.getRequest.GetRequestTest">
        <test-method status="PASS" signature="postRequestTest()[pri:0, instance:com.getRequest.GetRequestTest@5419f379]" name="postRequestTest" duration-ms="1193" started-at="2019-05-07T14:20:03Z" finished-at="2019-05-07T14:20:04Z">
          <reporter-output>
          </reporter-output>
        </test-method> <!-- postRequestTest -->
      </class> <!-- com.getRequest.GetRequestTest -->
    </test> <!-- Default test -->
  </suite> <!-- Default suite -->
</testng-results>
